<?xml version="1.0" encoding="UTF-8"?>
<coverage generated="1760193278192" clover="3.2.0">
  <project timestamp="1760193278192" name="All files">
    <metrics statements="226" coveredstatements="161" conditionals="87" coveredconditionals="62" methods="23" coveredmethods="16" elements="336" coveredelements="239" complexity="0" loc="226" ncloc="226" packages="7" files="7" classes="7"/>
    <package name="controllers.run-inference-langchain">
      <metrics statements="17" coveredstatements="15" conditionals="19" coveredconditionals="16" methods="1" coveredmethods="1"/>
      <file name="index.ts" path="/Users/Apple/Desktop/LangChain/src/controllers/run-inference-langchain/index.ts">
        <metrics statements="17" coveredstatements="15" conditionals="19" coveredconditionals="16" methods="1" coveredmethods="1"/>
        <line num="2" count="2" type="stmt"/>
        <line num="4" count="2" type="stmt"/>
        <line num="5" count="20" type="stmt"/>
        <line num="8" count="20" type="cond" truecount="5" falsecount="0"/>
        <line num="9" count="2" type="stmt"/>
        <line num="13" count="2" type="stmt"/>
        <line num="16" count="18" type="stmt"/>
        <line num="19" count="18" type="cond" truecount="2" falsecount="0"/>
        <line num="20" count="9" type="stmt"/>
        <line num="29" count="9" type="cond" truecount="2" falsecount="0"/>
        <line num="30" count="7" type="cond" truecount="2" falsecount="0"/>
        <line num="31" count="7" type="stmt"/>
        <line num="41" count="2" type="stmt"/>
        <line num="45" count="2" type="stmt"/>
        <line num="48" count="16" type="stmt"/>
        <line num="54" count="0" type="stmt"/>
        <line num="55" count="0" type="stmt"/>
      </file>
    </package>
    <package name="langchain_functions">
      <metrics statements="55" coveredstatements="17" conditionals="14" coveredconditionals="4" methods="6" coveredmethods="2"/>
      <file name="functions.ts" path="/Users/Apple/Desktop/LangChain/src/langchain_functions/functions.ts">
        <metrics statements="55" coveredstatements="17" conditionals="14" coveredconditionals="4" methods="6" coveredmethods="2"/>
        <line num="1" count="1" type="stmt"/>
        <line num="2" count="1" type="stmt"/>
        <line num="4" count="1" type="stmt"/>
        <line num="5" count="1" type="stmt"/>
        <line num="6" count="1" type="stmt"/>
        <line num="15" count="0" type="stmt"/>
        <line num="16" count="0" type="stmt"/>
        <line num="18" count="0" type="stmt"/>
        <line num="20" count="0" type="cond" truecount="0" falsecount="3"/>
        <line num="21" count="0" type="stmt"/>
        <line num="23" count="0" type="stmt"/>
        <line num="24" count="0" type="stmt"/>
        <line num="25" count="0" type="cond" truecount="0" falsecount="2"/>
        <line num="26" count="0" type="stmt"/>
        <line num="27" count="0" type="stmt"/>
        <line num="28" count="0" type="stmt"/>
        <line num="29" count="0" type="stmt"/>
        <line num="30" count="0" type="stmt"/>
        <line num="32" count="0" type="stmt"/>
        <line num="33" count="0" type="stmt"/>
        <line num="36" count="0" type="stmt"/>
        <line num="37" count="0" type="stmt"/>
        <line num="41" count="0" type="stmt"/>
        <line num="42" count="0" type="stmt"/>
        <line num="44" count="0" type="stmt"/>
        <line num="46" count="1" type="stmt"/>
        <line num="47" count="1" type="stmt"/>
        <line num="51" count="1" type="stmt"/>
        <line num="52" count="1" type="stmt"/>
        <line num="54" count="1" type="cond" truecount="1" falsecount="1"/>
        <line num="56" count="1" type="stmt"/>
        <line num="63" count="1" type="stmt"/>
        <line num="65" count="1" type="stmt"/>
        <line num="66" count="1" type="stmt"/>
        <line num="68" count="1" type="stmt"/>
        <line num="70" count="1" type="cond" truecount="2" falsecount="1"/>
        <line num="71" count="0" type="stmt"/>
        <line num="73" count="0" type="stmt"/>
        <line num="74" count="0" type="stmt"/>
        <line num="75" count="0" type="cond" truecount="0" falsecount="2"/>
        <line num="76" count="0" type="stmt"/>
        <line num="77" count="0" type="stmt"/>
        <line num="78" count="0" type="stmt"/>
        <line num="79" count="0" type="stmt"/>
        <line num="80" count="0" type="stmt"/>
        <line num="82" count="0" type="stmt"/>
        <line num="83" count="0" type="stmt"/>
        <line num="86" count="0" type="stmt"/>
        <line num="87" count="0" type="stmt"/>
        <line num="91" count="0" type="stmt"/>
        <line num="92" count="0" type="stmt"/>
        <line num="94" count="1" type="stmt"/>
        <line num="96" count="0" type="stmt"/>
        <line num="97" count="0" type="stmt"/>
        <line num="98" count="0" type="stmt"/>
      </file>
    </package>
    <package name="langchain_tools">
      <metrics statements="53" coveredstatements="48" conditionals="23" coveredconditionals="18" methods="5" coveredmethods="4"/>
      <file name="tools.ts" path="/Users/Apple/Desktop/LangChain/src/langchain_tools/tools.ts">
        <metrics statements="53" coveredstatements="48" conditionals="23" coveredconditionals="18" methods="5" coveredmethods="4"/>
        <line num="1" count="4" type="stmt"/>
        <line num="2" count="4" type="stmt"/>
        <line num="3" count="4" type="stmt"/>
        <line num="4" count="4" type="stmt"/>
        <line num="6" count="4" type="stmt"/>
        <line num="8" count="3" type="stmt"/>
        <line num="18" count="3" type="stmt"/>
        <line num="20" count="3" type="stmt"/>
        <line num="21" count="3" type="cond" truecount="2" falsecount="0"/>
        <line num="23" count="2" type="stmt"/>
        <line num="30" count="2" type="stmt"/>
        <line num="32" count="2" type="cond" truecount="1" falsecount="0"/>
        <line num="33" count="1" type="stmt"/>
        <line num="36" count="1" type="stmt"/>
        <line num="43" count="1" type="stmt"/>
        <line num="61" count="4" type="stmt"/>
        <line num="63" count="1" type="stmt"/>
        <line num="71" count="1" type="stmt"/>
        <line num="72" count="1" type="stmt"/>
        <line num="74" count="1" type="stmt"/>
        <line num="75" count="1" type="stmt"/>
        <line num="77" count="1" type="stmt"/>
        <line num="91" count="1" type="stmt"/>
        <line num="94" count="1" type="stmt"/>
        <line num="101" count="0" type="stmt"/>
        <line num="102" count="0" type="stmt"/>
        <line num="118" count="4" type="stmt"/>
        <line num="120" count="3" type="stmt"/>
        <line num="129" count="3" type="stmt"/>
        <line num="130" count="3" type="stmt"/>
        <line num="132" count="3" type="stmt"/>
        <line num="133" count="3" type="cond" truecount="4" falsecount="2"/>
        <line num="135" count="3" type="stmt"/>
        <line num="136" count="3" type="cond" truecount="0" falsecount="1"/>
        <line num="137" count="0" type="stmt"/>
        <line num="138" count="0" type="cond" truecount="0" falsecount="1"/>
        <line num="142" count="3" type="stmt"/>
        <line num="143" count="3" type="cond" truecount="3" falsecount="0"/>
        <line num="144" count="1" type="stmt"/>
        <line num="145" count="2" type="cond" truecount="1" falsecount="0"/>
        <line num="146" count="2" type="stmt"/>
        <line num="148" count="1" type="stmt"/>
        <line num="151" count="3" type="stmt"/>
        <line num="157" count="2" type="cond" truecount="2" falsecount="0"/>
        <line num="158" count="1" type="stmt"/>
        <line num="161" count="1" type="cond" truecount="3" falsecount="1"/>
        <line num="162" count="1" type="stmt"/>
        <line num="164" count="0" type="stmt"/>
        <line num="167" count="1" type="stmt"/>
        <line num="173" count="1" type="stmt"/>
        <line num="174" count="1" type="stmt"/>
        <line num="181" count="1" type="stmt"/>
        <line num="198" count="4" type="stmt"/>
      </file>
    </package>
    <package name="libs">
      <metrics statements="7" coveredstatements="0" conditionals="3" coveredconditionals="0" methods="0" coveredmethods="0"/>
      <file name="supabase.ts" path="/Users/Apple/Desktop/LangChain/src/libs/supabase.ts">
        <metrics statements="7" coveredstatements="0" conditionals="3" coveredconditionals="0" methods="0" coveredmethods="0"/>
        <line num="1" count="0" type="stmt"/>
        <line num="3" count="0" type="stmt"/>
        <line num="4" count="0" type="stmt"/>
        <line num="6" count="0" type="cond" truecount="0" falsecount="3"/>
        <line num="7" count="0" type="stmt"/>
        <line num="8" count="0" type="stmt"/>
        <line num="11" count="0" type="stmt"/>
      </file>
    </package>
    <package name="model">
      <metrics statements="28" coveredstatements="28" conditionals="6" coveredconditionals="6" methods="3" coveredmethods="3"/>
      <file name="model.ts" path="/Users/Apple/Desktop/LangChain/src/model/model.ts">
        <metrics statements="28" coveredstatements="28" conditionals="6" coveredconditionals="6" methods="3" coveredmethods="3"/>
        <line num="1" count="3" type="stmt"/>
        <line num="2" count="3" type="stmt"/>
        <line num="3" count="3" type="stmt"/>
        <line num="6" count="3" type="stmt"/>
        <line num="7" count="20" type="stmt"/>
        <line num="8" count="20" type="stmt"/>
        <line num="9" count="20" type="stmt"/>
        <line num="10" count="20" type="stmt"/>
        <line num="11" count="20" type="stmt"/>
        <line num="12" count="20" type="stmt"/>
        <line num="13" count="20" type="stmt"/>
        <line num="14" count="20" type="stmt"/>
        <line num="15" count="20" type="stmt"/>
        <line num="17" count="20" type="stmt"/>
        <line num="18" count="20" type="stmt"/>
        <line num="19" count="20" type="stmt"/>
        <line num="20" count="20" type="stmt"/>
        <line num="21" count="20" type="stmt"/>
        <line num="22" count="20" type="stmt"/>
        <line num="23" count="20" type="stmt"/>
        <line num="27" count="20" type="cond" truecount="2" falsecount="0"/>
        <line num="28" count="11" type="stmt"/>
        <line num="33" count="9" type="cond" truecount="1" falsecount="0"/>
        <line num="34" count="9" type="stmt"/>
        <line num="43" count="18" type="cond" truecount="2" falsecount="0"/>
        <line num="45" count="10" type="stmt"/>
        <line num="46" count="8" type="cond" truecount="1" falsecount="0"/>
        <line num="48" count="8" type="stmt"/>
      </file>
    </package>
    <package name="prompts">
      <metrics statements="3" coveredstatements="3" conditionals="0" coveredconditionals="0" methods="0" coveredmethods="0"/>
      <file name="index.ts" path="/Users/Apple/Desktop/LangChain/src/prompts/index.ts">
        <metrics statements="3" coveredstatements="3" conditionals="0" coveredconditionals="0" methods="0" coveredmethods="0"/>
        <line num="1" count="2" type="stmt"/>
        <line num="3" count="2" type="stmt"/>
        <line num="81" count="2" type="stmt"/>
      </file>
    </package>
    <package name="services">
      <metrics statements="63" coveredstatements="50" conditionals="22" coveredconditionals="18" methods="8" coveredmethods="6"/>
      <file name="service.ts" path="/Users/Apple/Desktop/LangChain/src/services/service.ts">
        <metrics statements="63" coveredstatements="50" conditionals="22" coveredconditionals="18" methods="8" coveredmethods="6"/>
        <line num="1" count="2" type="stmt"/>
        <line num="2" count="2" type="stmt"/>
        <line num="5" count="10" type="stmt"/>
        <line num="6" count="13" type="stmt"/>
        <line num="8" count="13" type="cond" truecount="0" falsecount="1"/>
        <line num="9" count="13" type="cond" truecount="0" falsecount="1"/>
        <line num="10" count="13" type="cond" truecount="1" falsecount="0"/>
        <line num="11" count="13" type="cond" truecount="1" falsecount="0"/>
        <line num="14" count="13" type="cond" truecount="0" falsecount="1"/>
        <line num="15" count="0" type="stmt"/>
        <line num="16" count="0" type="cond" truecount="0" falsecount="1"/>
        <line num="17" count="0" type="stmt"/>
        <line num="19" count="0" type="stmt"/>
        <line num="21" count="0" type="stmt"/>
        <line num="25" count="13" type="cond" truecount="1" falsecount="0"/>
        <line num="26" count="13" type="stmt"/>
        <line num="27" count="141" type="cond" truecount="1" falsecount="0"/>
        <line num="28" count="98" type="stmt"/>
        <line num="30" count="43" type="stmt"/>
        <line num="32" count="13" type="stmt"/>
        <line num="35" count="13" type="stmt"/>
        <line num="39" count="2" type="stmt"/>
        <line num="48" count="9" type="stmt"/>
        <line num="49" count="9" type="stmt"/>
        <line num="51" count="9" type="cond" truecount="4" falsecount="0"/>
        <line num="52" count="6" type="stmt"/>
        <line num="53" count="6" type="stmt"/>
        <line num="54" count="6" type="stmt"/>
        <line num="56" count="0" type="stmt"/>
        <line num="57" count="0" type="stmt"/>
        <line num="59" count="3" type="cond" truecount="1" falsecount="0"/>
        <line num="60" count="3" type="stmt"/>
        <line num="63" count="9" type="stmt"/>
        <line num="73" count="9" type="stmt"/>
        <line num="75" count="9" type="stmt"/>
        <line num="83" count="9" type="cond" truecount="2" falsecount="0"/>
        <line num="84" count="4" type="stmt"/>
        <line num="85" count="4" type="stmt"/>
        <line num="87" count="5" type="stmt"/>
        <line num="88" count="5" type="stmt"/>
        <line num="91" count="0" type="stmt"/>
        <line num="92" count="0" type="stmt"/>
        <line num="96" count="2" type="stmt"/>
        <line num="105" count="7" type="stmt"/>
        <line num="106" count="7" type="stmt"/>
        <line num="108" count="7" type="cond" truecount="4" falsecount="0"/>
        <line num="109" count="4" type="stmt"/>
        <line num="110" count="4" type="stmt"/>
        <line num="111" count="4" type="stmt"/>
        <line num="113" count="0" type="stmt"/>
        <line num="114" count="0" type="stmt"/>
        <line num="116" count="3" type="cond" truecount="1" falsecount="0"/>
        <line num="117" count="3" type="stmt"/>
        <line num="120" count="7" type="stmt"/>
        <line num="130" count="7" type="stmt"/>
        <line num="132" count="7" type="stmt"/>
        <line num="140" count="7" type="cond" truecount="2" falsecount="0"/>
        <line num="141" count="5" type="stmt"/>
        <line num="142" count="5" type="stmt"/>
        <line num="144" count="2" type="stmt"/>
        <line num="145" count="2" type="stmt"/>
        <line num="148" count="0" type="stmt"/>
        <line num="149" count="0" type="stmt"/>
      </file>
    </package>
  </project>
</coverage>
