{"/Users/Apple/Desktop/LangChain/src/controllers/run-inference-langchain/index.ts": {"path":"/Users/Apple/Desktop/LangChain/src/controllers/run-inference-langchain/index.ts","statementMap":{"0":{"start":{"line":4,"column":0},"end":{"line":4,"column":7}},"1":{"start":{"line":2,"column":0},"end":{"line":2,"column":62}},"2":{"start":{"line":5,"column":93},"end":{"line":5,"column":101}},"3":{"start":{"line":8,"column":4},"end":{"line":14,"column":5}},"4":{"start":{"line":9,"column":8},"end":{"line":12,"column":11}},"5":{"start":{"line":13,"column":8},"end":{"line":13,"column":15}},"6":{"start":{"line":16,"column":4},"end":{"line":60,"column":5}},"7":{"start":{"line":19,"column":8},"end":{"line":46,"column":9}},"8":{"start":{"line":20,"column":12},"end":{"line":28,"column":14}},"9":{"start":{"line":29,"column":15},"end":{"line":46,"column":9}},"10":{"start":{"line":30,"column":31},"end":{"line":30,"column":75}},"11":{"start":{"line":31,"column":12},"end":{"line":39,"column":14}},"12":{"start":{"line":41,"column":12},"end":{"line":44,"column":15}},"13":{"start":{"line":45,"column":12},"end":{"line":45,"column":19}},"14":{"start":{"line":48,"column":8},"end":{"line":52,"column":11}},"15":{"start":{"line":54,"column":8},"end":{"line":54,"column":69}},"16":{"start":{"line":55,"column":8},"end":{"line":59,"column":11}}},"fnMap":{"0":{"name":"runLangChain","decl":{"start":{"line":4,"column":22},"end":{"line":4,"column":34}},"loc":{"start":{"line":4,"column":62},"end":{"line":61,"column":1}}}},"branchMap":{"0":{"loc":{"start":{"line":8,"column":4},"end":{"line":14,"column":5}},"type":"if","locations":[{"start":{"line":8,"column":4},"end":{"line":14,"column":5}}]},"1":{"loc":{"start":{"line":8,"column":8},"end":{"line":8,"column":57}},"type":"binary-expr","locations":[{"start":{"line":8,"column":8},"end":{"line":8,"column":21}},{"start":{"line":8,"column":25},"end":{"line":8,"column":34}},{"start":{"line":8,"column":38},"end":{"line":8,"column":45}},{"start":{"line":8,"column":49},"end":{"line":8,"column":57}}]},"2":{"loc":{"start":{"line":19,"column":8},"end":{"line":46,"column":9}},"type":"if","locations":[{"start":{"line":19,"column":8},"end":{"line":46,"column":9}},{"start":{"line":29,"column":15},"end":{"line":46,"column":9}}]},"3":{"loc":{"start":{"line":24,"column":16},"end":{"line":24,"column":29}},"type":"binary-expr","locations":[{"start":{"line":24,"column":16},"end":{"line":24,"column":23}},{"start":{"line":24,"column":27},"end":{"line":24,"column":29}}]},"4":{"loc":{"start":{"line":27,"column":16},"end":{"line":27,"column":41}},"type":"binary-expr","locations":[{"start":{"line":27,"column":16},"end":{"line":27,"column":35}},{"start":{"line":27,"column":39},"end":{"line":27,"column":41}}]},"5":{"loc":{"start":{"line":29,"column":15},"end":{"line":46,"column":9}},"type":"if","locations":[{"start":{"line":29,"column":15},"end":{"line":46,"column":9}},{"start":{"line":40,"column":15},"end":{"line":46,"column":9}}]},"6":{"loc":{"start":{"line":30,"column":31},"end":{"line":30,"column":75}},"type":"binary-expr","locations":[{"start":{"line":30,"column":31},"end":{"line":30,"column":50}},{"start":{"line":30,"column":54},"end":{"line":30,"column":75}}]},"7":{"loc":{"start":{"line":35,"column":16},"end":{"line":35,"column":29}},"type":"binary-expr","locations":[{"start":{"line":35,"column":16},"end":{"line":35,"column":23}},{"start":{"line":35,"column":27},"end":{"line":35,"column":29}}]},"8":{"loc":{"start":{"line":38,"column":16},"end":{"line":38,"column":41}},"type":"binary-expr","locations":[{"start":{"line":38,"column":16},"end":{"line":38,"column":35}},{"start":{"line":38,"column":39},"end":{"line":38,"column":41}}]}},"s":{"0":2,"1":2,"2":20,"3":20,"4":2,"5":2,"6":18,"7":18,"8":9,"9":9,"10":7,"11":7,"12":2,"13":2,"14":16,"15":0,"16":0},"f":{"0":20},"b":{"0":[2],"1":[20,18,18,18],"2":[9,9],"3":[9,0],"4":[9,0],"5":[7,2],"6":[7,7],"7":[7,0],"8":[7,1]}}
,"/Users/Apple/Desktop/LangChain/src/langchain_functions/functions.ts": {"path":"/Users/Apple/Desktop/LangChain/src/langchain_functions/functions.ts","statementMap":{"0":{"start":{"line":4,"column":0},"end":{"line":4,"column":7}},"1":{"start":{"line":51,"column":0},"end":{"line":51,"column":7}},"2":{"start":{"line":1,"column":0},"end":{"line":1,"column":51}},"3":{"start":{"line":2,"column":0},"end":{"line":2,"column":50}},"4":{"start":{"line":5,"column":4},"end":{"line":48,"column":5}},"5":{"start":{"line":6,"column":22},"end":{"line":13,"column":10}},"6":{"start":{"line":15,"column":20},"end":{"line":15,"column":54}},"7":{"start":{"line":16,"column":8},"end":{"line":16,"column":41}},"8":{"start":{"line":18,"column":28},"end":{"line":18,"column":50}},"9":{"start":{"line":20,"column":8},"end":{"line":43,"column":9}},"10":{"start":{"line":21,"column":28},"end":{"line":21,"column":86}},"11":{"start":{"line":21,"column":67},"end":{"line":21,"column":84}},"12":{"start":{"line":23,"column":42},"end":{"line":39,"column":14}},"13":{"start":{"line":24,"column":29},"end":{"line":24,"column":51}},"14":{"start":{"line":25,"column":16},"end":{"line":38,"column":17}},"15":{"start":{"line":26,"column":20},"end":{"line":34,"column":21}},"16":{"start":{"line":27,"column":24},"end":{"line":27,"column":98}},"17":{"start":{"line":28,"column":39},"end":{"line":28,"column":71}},"18":{"start":{"line":29,"column":24},"end":{"line":29,"column":76}},"19":{"start":{"line":30,"column":24},"end":{"line":30,"column":63}},"20":{"start":{"line":32,"column":24},"end":{"line":32,"column":87}},"21":{"start":{"line":33,"column":24},"end":{"line":33,"column":77}},"22":{"start":{"line":36,"column":20},"end":{"line":36,"column":81}},"23":{"start":{"line":37,"column":20},"end":{"line":37,"column":76}},"24":{"start":{"line":41,"column":37},"end":{"line":41,"column":77}},"25":{"start":{"line":42,"column":12},"end":{"line":42,"column":73}},"26":{"start":{"line":44,"column":8},"end":{"line":44,"column":19}},"27":{"start":{"line":46,"column":8},"end":{"line":46,"column":51}},"28":{"start":{"line":47,"column":8},"end":{"line":47,"column":19}},"29":{"start":{"line":52,"column":4},"end":{"line":99,"column":5}},"30":{"start":{"line":54,"column":33},"end":{"line":54,"column":94}},"31":{"start":{"line":56,"column":22},"end":{"line":61,"column":10}},"32":{"start":{"line":63,"column":8},"end":{"line":63,"column":69}},"33":{"start":{"line":65,"column":20},"end":{"line":65,"column":54}},"34":{"start":{"line":66,"column":8},"end":{"line":66,"column":45}},"35":{"start":{"line":68,"column":28},"end":{"line":68,"column":51}},"36":{"start":{"line":70,"column":8},"end":{"line":93,"column":9}},"37":{"start":{"line":71,"column":28},"end":{"line":71,"column":86}},"38":{"start":{"line":71,"column":67},"end":{"line":71,"column":84}},"39":{"start":{"line":73,"column":42},"end":{"line":89,"column":14}},"40":{"start":{"line":74,"column":29},"end":{"line":74,"column":51}},"41":{"start":{"line":75,"column":16},"end":{"line":88,"column":17}},"42":{"start":{"line":76,"column":20},"end":{"line":84,"column":21}},"43":{"start":{"line":77,"column":24},"end":{"line":77,"column":98}},"44":{"start":{"line":78,"column":39},"end":{"line":78,"column":71}},"45":{"start":{"line":79,"column":24},"end":{"line":79,"column":76}},"46":{"start":{"line":80,"column":24},"end":{"line":80,"column":63}},"47":{"start":{"line":82,"column":24},"end":{"line":82,"column":87}},"48":{"start":{"line":83,"column":24},"end":{"line":83,"column":77}},"49":{"start":{"line":86,"column":20},"end":{"line":86,"column":81}},"50":{"start":{"line":87,"column":20},"end":{"line":87,"column":76}},"51":{"start":{"line":91,"column":37},"end":{"line":91,"column":77}},"52":{"start":{"line":92,"column":12},"end":{"line":92,"column":73}},"53":{"start":{"line":94,"column":8},"end":{"line":94,"column":19}},"54":{"start":{"line":96,"column":8},"end":{"line":96,"column":58}},"55":{"start":{"line":97,"column":8},"end":{"line":97,"column":49}},"56":{"start":{"line":98,"column":8},"end":{"line":98,"column":19}}},"fnMap":{"0":{"name":"runAI","decl":{"start":{"line":4,"column":22},"end":{"line":4,"column":27}},"loc":{"start":{"line":4,"column":126},"end":{"line":49,"column":1}}},"1":{"name":"(anonymous_1)","decl":{"start":{"line":21,"column":59},"end":{"line":21,"column":63}},"loc":{"start":{"line":21,"column":67},"end":{"line":21,"column":84}}},"2":{"name":"(anonymous_2)","decl":{"start":{"line":23,"column":57},"end":{"line":23,"column":62}},"loc":{"start":{"line":23,"column":76},"end":{"line":39,"column":13}}},"3":{"name":"runOpenAILogic","decl":{"start":{"line":51,"column":22},"end":{"line":51,"column":36}},"loc":{"start":{"line":51,"column":135},"end":{"line":100,"column":1}}},"4":{"name":"(anonymous_4)","decl":{"start":{"line":71,"column":59},"end":{"line":71,"column":63}},"loc":{"start":{"line":71,"column":67},"end":{"line":71,"column":84}}},"5":{"name":"(anonymous_5)","decl":{"start":{"line":73,"column":57},"end":{"line":73,"column":62}},"loc":{"start":{"line":73,"column":76},"end":{"line":89,"column":13}}}},"branchMap":{"0":{"loc":{"start":{"line":12,"column":33},"end":{"line":12,"column":58}},"type":"binary-expr","locations":[{"start":{"line":12,"column":33},"end":{"line":12,"column":52}},{"start":{"line":12,"column":56},"end":{"line":12,"column":58}}]},"1":{"loc":{"start":{"line":20,"column":8},"end":{"line":43,"column":9}},"type":"if","locations":[{"start":{"line":20,"column":8},"end":{"line":43,"column":9}}]},"2":{"loc":{"start":{"line":20,"column":12},"end":{"line":20,"column":47}},"type":"binary-expr","locations":[{"start":{"line":20,"column":12},"end":{"line":20,"column":22}},{"start":{"line":20,"column":26},"end":{"line":20,"column":47}}]},"3":{"loc":{"start":{"line":25,"column":16},"end":{"line":38,"column":17}},"type":"if","locations":[{"start":{"line":25,"column":16},"end":{"line":38,"column":17}},{"start":{"line":35,"column":23},"end":{"line":38,"column":17}}]},"4":{"loc":{"start":{"line":54,"column":33},"end":{"line":54,"column":94}},"type":"cond-expr","locations":[{"start":{"line":54,"column":70},"end":{"line":54,"column":89}},{"start":{"line":54,"column":92},"end":{"line":54,"column":94}}]},"5":{"loc":{"start":{"line":70,"column":8},"end":{"line":93,"column":9}},"type":"if","locations":[{"start":{"line":70,"column":8},"end":{"line":93,"column":9}}]},"6":{"loc":{"start":{"line":70,"column":12},"end":{"line":70,"column":47}},"type":"binary-expr","locations":[{"start":{"line":70,"column":12},"end":{"line":70,"column":22}},{"start":{"line":70,"column":26},"end":{"line":70,"column":47}}]},"7":{"loc":{"start":{"line":75,"column":16},"end":{"line":88,"column":17}},"type":"if","locations":[{"start":{"line":75,"column":16},"end":{"line":88,"column":17}},{"start":{"line":85,"column":23},"end":{"line":88,"column":17}}]}},"s":{"0":1,"1":1,"2":1,"3":1,"4":1,"5":1,"6":0,"7":0,"8":0,"9":0,"10":0,"11":0,"12":0,"13":0,"14":0,"15":0,"16":0,"17":0,"18":0,"19":0,"20":0,"21":0,"22":0,"23":0,"24":0,"25":0,"26":0,"27":1,"28":1,"29":1,"30":1,"31":1,"32":1,"33":1,"34":1,"35":1,"36":1,"37":0,"38":0,"39":0,"40":0,"41":0,"42":0,"43":0,"44":0,"45":0,"46":0,"47":0,"48":0,"49":0,"50":0,"51":0,"52":0,"53":1,"54":0,"55":0,"56":0},"f":{"0":1,"1":0,"2":0,"3":1,"4":0,"5":0},"b":{"0":[1,0],"1":[0],"2":[0,0],"3":[0,0],"4":[1,0],"5":[0],"6":[1,1],"7":[0,0]}}
,"/Users/Apple/Desktop/LangChain/src/langchain_tools/tools.ts": {"path":"/Users/Apple/Desktop/LangChain/src/langchain_tools/tools.ts","statementMap":{"0":{"start":{"line":1,"column":0},"end":{"line":1,"column":45}},"1":{"start":{"line":2,"column":0},"end":{"line":2,"column":32}},"2":{"start":{"line":3,"column":0},"end":{"line":3,"column":20}},"3":{"start":{"line":4,"column":0},"end":{"line":4,"column":43}},"4":{"start":{"line":6,"column":18},"end":{"line":58,"column":null}},"5":{"start":{"line":8,"column":28},"end":{"line":16,"column":10}},"6":{"start":{"line":18,"column":21},"end":{"line":18,"column":44}},"7":{"start":{"line":20,"column":8},"end":{"line":44,"column":9}},"8":{"start":{"line":21,"column":27},"end":{"line":21,"column":80}},"9":{"start":{"line":23,"column":30},"end":{"line":28,"column":14}},"10":{"start":{"line":30,"column":27},"end":{"line":30,"column":62}},"11":{"start":{"line":32,"column":12},"end":{"line":34,"column":13}},"12":{"start":{"line":33,"column":16},"end":{"line":33,"column":78}},"13":{"start":{"line":36,"column":12},"end":{"line":40,"column":15}},"14":{"start":{"line":43,"column":12},"end":{"line":43,"column":66}},"15":{"start":{"line":61,"column":18},"end":{"line":115,"column":null}},"16":{"start":{"line":63,"column":28},"end":{"line":69,"column":10}},"17":{"start":{"line":71,"column":21},"end":{"line":71,"column":44}},"18":{"start":{"line":72,"column":56},"end":{"line":72,"column":60}},"19":{"start":{"line":74,"column":8},"end":{"line":103,"column":9}},"20":{"start":{"line":75,"column":26},"end":{"line":75,"column":58}},"21":{"start":{"line":77,"column":27},"end":{"line":89,"column":14}},"22":{"start":{"line":91,"column":12},"end":{"line":91,"column":58}},"23":{"start":{"line":94,"column":12},"end":{"line":99,"column":15}},"24":{"start":{"line":101,"column":12},"end":{"line":101,"column":65}},"25":{"start":{"line":102,"column":12},"end":{"line":102,"column":66}},"26":{"start":{"line":118,"column":20},"end":{"line":195,"column":null}},"27":{"start":{"line":120,"column":30},"end":{"line":127,"column":10}},"28":{"start":{"line":129,"column":21},"end":{"line":129,"column":46}},"29":{"start":{"line":130,"column":72},"end":{"line":130,"column":76}},"30":{"start":{"line":132,"column":8},"end":{"line":182,"column":9}},"31":{"start":{"line":133,"column":31},"end":{"line":133,"column":93}},"32":{"start":{"line":135,"column":41},"end":{"line":135,"column":79}},"33":{"start":{"line":136,"column":12},"end":{"line":140,"column":13}},"34":{"start":{"line":137,"column":16},"end":{"line":139,"column":19}},"35":{"start":{"line":138,"column":20},"end":{"line":138,"column":56}},"36":{"start":{"line":138,"column":31},"end":{"line":138,"column":56}},"37":{"start":{"line":142,"column":28},"end":{"line":142,"column":32}},"38":{"start":{"line":143,"column":12},"end":{"line":149,"column":13}},"39":{"start":{"line":144,"column":35},"end":{"line":147,"column":45}},"40":{"start":{"line":145,"column":20},"end":{"line":145,"column":61}},"41":{"start":{"line":145,"column":34},"end":{"line":145,"column":61}},"42":{"start":{"line":146,"column":20},"end":{"line":146,"column":31}},"43":{"start":{"line":148,"column":16},"end":{"line":148,"column":55}},"44":{"start":{"line":151,"column":29},"end":{"line":155,"column":14}},"45":{"start":{"line":157,"column":12},"end":{"line":179,"column":13}},"46":{"start":{"line":158,"column":36},"end":{"line":158,"column":72}},"47":{"start":{"line":161,"column":16},"end":{"line":165,"column":17}},"48":{"start":{"line":162,"column":20},"end":{"line":162,"column":51}},"49":{"start":{"line":164,"column":20},"end":{"line":164,"column":51}},"50":{"start":{"line":167,"column":16},"end":{"line":171,"column":19}},"51":{"start":{"line":173,"column":34},"end":{"line":173,"column":55}},"52":{"start":{"line":174,"column":16},"end":{"line":178,"column":19}},"53":{"start":{"line":181,"column":12},"end":{"line":181,"column":63}},"54":{"start":{"line":198,"column":13},"end":{"line":198,"column":59}}},"fnMap":{"0":{"name":"(anonymous_1)","decl":{"start":{"line":7,"column":4},"end":{"line":7,"column":9}},"loc":{"start":{"line":7,"column":19},"end":{"line":45,"column":5}}},"1":{"name":"(anonymous_2)","decl":{"start":{"line":62,"column":4},"end":{"line":62,"column":9}},"loc":{"start":{"line":62,"column":19},"end":{"line":104,"column":5}}},"2":{"name":"(anonymous_3)","decl":{"start":{"line":119,"column":4},"end":{"line":119,"column":9}},"loc":{"start":{"line":119,"column":19},"end":{"line":183,"column":5}}},"3":{"name":"(anonymous_4)","decl":{"start":{"line":137,"column":37},"end":{"line":137,"column":38}},"loc":{"start":{"line":137,"column":41},"end":{"line":139,"column":17}}},"4":{"name":"(anonymous_5)","decl":{"start":{"line":144,"column":52},"end":{"line":144,"column":53}},"loc":{"start":{"line":144,"column":66},"end":{"line":147,"column":17}}}},"branchMap":{"0":{"loc":{"start":{"line":21,"column":38},"end":{"line":21,"column":79}},"type":"binary-expr","locations":[{"start":{"line":21,"column":38},"end":{"line":21,"column":49}},{"start":{"line":21,"column":53},"end":{"line":21,"column":79}}]},"1":{"loc":{"start":{"line":32,"column":12},"end":{"line":34,"column":13}},"type":"if","locations":[{"start":{"line":32,"column":12},"end":{"line":34,"column":13}}]},"2":{"loc":{"start":{"line":133,"column":31},"end":{"line":133,"column":93}},"type":"binary-expr","locations":[{"start":{"line":133,"column":31},"end":{"line":133,"column":37}},{"start":{"line":133,"column":42},"end":{"line":133,"column":92}}]},"3":{"loc":{"start":{"line":133,"column":42},"end":{"line":133,"column":92}},"type":"cond-expr","locations":[{"start":{"line":133,"column":78},"end":{"line":133,"column":84}},{"start":{"line":133,"column":87},"end":{"line":133,"column":92}}]},"4":{"loc":{"start":{"line":133,"column":42},"end":{"line":133,"column":75}},"type":"binary-expr","locations":[{"start":{"line":133,"column":42},"end":{"line":133,"column":51}},{"start":{"line":133,"column":55},"end":{"line":133,"column":75}}]},"5":{"loc":{"start":{"line":136,"column":12},"end":{"line":140,"column":13}},"type":"if","locations":[{"start":{"line":136,"column":12},"end":{"line":140,"column":13}}]},"6":{"loc":{"start":{"line":138,"column":20},"end":{"line":138,"column":56}},"type":"if","locations":[{"start":{"line":138,"column":20},"end":{"line":138,"column":56}}]},"7":{"loc":{"start":{"line":143,"column":12},"end":{"line":149,"column":13}},"type":"if","locations":[{"start":{"line":143,"column":12},"end":{"line":149,"column":13}}]},"8":{"loc":{"start":{"line":143,"column":16},"end":{"line":143,"column":49}},"type":"binary-expr","locations":[{"start":{"line":143,"column":16},"end":{"line":143,"column":25}},{"start":{"line":143,"column":29},"end":{"line":143,"column":49}}]},"9":{"loc":{"start":{"line":145,"column":20},"end":{"line":145,"column":61}},"type":"if","locations":[{"start":{"line":145,"column":20},"end":{"line":145,"column":61}}]},"10":{"loc":{"start":{"line":154,"column":22},"end":{"line":154,"column":61}},"type":"cond-expr","locations":[{"start":{"line":154,"column":45},"end":{"line":154,"column":54}},{"start":{"line":154,"column":57},"end":{"line":154,"column":61}}]},"11":{"loc":{"start":{"line":157,"column":12},"end":{"line":179,"column":13}},"type":"if","locations":[{"start":{"line":157,"column":12},"end":{"line":179,"column":13}},{"start":{"line":172,"column":19},"end":{"line":179,"column":13}}]},"12":{"loc":{"start":{"line":161,"column":16},"end":{"line":165,"column":17}},"type":"if","locations":[{"start":{"line":161,"column":16},"end":{"line":165,"column":17}},{"start":{"line":163,"column":23},"end":{"line":165,"column":17}}]},"13":{"loc":{"start":{"line":161,"column":20},"end":{"line":161,"column":75}},"type":"binary-expr","locations":[{"start":{"line":161,"column":20},"end":{"line":161,"column":31}},{"start":{"line":161,"column":35},"end":{"line":161,"column":75}}]}},"s":{"0":4,"1":4,"2":4,"3":4,"4":4,"5":3,"6":3,"7":3,"8":3,"9":2,"10":2,"11":2,"12":1,"13":1,"14":1,"15":4,"16":1,"17":1,"18":1,"19":1,"20":1,"21":1,"22":1,"23":1,"24":0,"25":0,"26":4,"27":3,"28":3,"29":3,"30":3,"31":3,"32":3,"33":3,"34":0,"35":0,"36":0,"37":3,"38":3,"39":1,"40":2,"41":2,"42":2,"43":1,"44":3,"45":2,"46":1,"47":1,"48":1,"49":0,"50":1,"51":1,"52":1,"53":1,"54":4},"f":{"0":3,"1":1,"2":3,"3":0,"4":2},"b":{"0":[3,3],"1":[1],"2":[3,2],"3":[0,2],"4":[2,0],"5":[0],"6":[0],"7":[1],"8":[3,1],"9":[2],"10":[1,2],"11":[1,1],"12":[1,0],"13":[1,1]}}
,"/Users/Apple/Desktop/LangChain/src/libs/supabase.ts": {"path":"/Users/Apple/Desktop/LangChain/src/libs/supabase.ts","statementMap":{"0":{"start":{"line":1,"column":0},"end":{"line":1,"column":53}},"1":{"start":{"line":3,"column":20},"end":{"line":3,"column":44}},"2":{"start":{"line":4,"column":20},"end":{"line":4,"column":49}},"3":{"start":{"line":6,"column":0},"end":{"line":9,"column":1}},"4":{"start":{"line":7,"column":4},"end":{"line":7,"column":65}},"5":{"start":{"line":8,"column":4},"end":{"line":8,"column":20}},"6":{"start":{"line":11,"column":13},"end":{"line":11,"column":63}}},"fnMap":{},"branchMap":{"0":{"loc":{"start":{"line":6,"column":0},"end":{"line":9,"column":1}},"type":"if","locations":[{"start":{"line":6,"column":0},"end":{"line":9,"column":1}}]},"1":{"loc":{"start":{"line":6,"column":4},"end":{"line":6,"column":32}},"type":"binary-expr","locations":[{"start":{"line":6,"column":4},"end":{"line":6,"column":16}},{"start":{"line":6,"column":20},"end":{"line":6,"column":32}}]}},"s":{"0":0,"1":0,"2":0,"3":0,"4":0,"5":0,"6":0},"f":{},"b":{"0":[0],"1":[0,0]}}
,"/Users/Apple/Desktop/LangChain/src/model/model.ts": {"path":"/Users/Apple/Desktop/LangChain/src/model/model.ts","statementMap":{"0":{"start":{"line":1,"column":0},"end":{"line":1,"column":65}},"1":{"start":{"line":2,"column":0},"end":{"line":2,"column":47}},"2":{"start":{"line":3,"column":0},"end":{"line":3,"column":51}},"3":{"start":{"line":7,"column":4},"end":{"line":7,"column":16}},"4":{"start":{"line":8,"column":4},"end":{"line":8,"column":20}},"5":{"start":{"line":9,"column":4},"end":{"line":9,"column":15}},"6":{"start":{"line":10,"column":4},"end":{"line":10,"column":null}},"7":{"start":{"line":11,"column":4},"end":{"line":11,"column":44}},"8":{"start":{"line":12,"column":4},"end":{"line":12,"column":23}},"9":{"start":{"line":13,"column":4},"end":{"line":13,"column":null}},"10":{"start":{"line":14,"column":4},"end":{"line":14,"column":24}},"11":{"start":{"line":15,"column":4},"end":{"line":15,"column":36}},"12":{"start":{"line":17,"column":8},"end":{"line":17,"column":30}},"13":{"start":{"line":18,"column":8},"end":{"line":18,"column":39}},"14":{"start":{"line":19,"column":8},"end":{"line":19,"column":27}},"15":{"start":{"line":20,"column":8},"end":{"line":20,"column":33}},"16":{"start":{"line":21,"column":8},"end":{"line":21,"column":41}},"17":{"start":{"line":22,"column":8},"end":{"line":22,"column":31}},"18":{"start":{"line":23,"column":8},"end":{"line":23,"column":55}},"19":{"start":{"line":27,"column":8},"end":{"line":39,"column":9}},"20":{"start":{"line":28,"column":12},"end":{"line":32,"column":15}},"21":{"start":{"line":33,"column":15},"end":{"line":39,"column":9}},"22":{"start":{"line":34,"column":12},"end":{"line":38,"column":15}},"23":{"start":{"line":43,"column":8},"end":{"line":49,"column":9}},"24":{"start":{"line":45,"column":12},"end":{"line":45,"column":52}},"25":{"start":{"line":46,"column":15},"end":{"line":49,"column":9}},"26":{"start":{"line":48,"column":12},"end":{"line":48,"column":50}},"27":{"start":{"line":6,"column":0},"end":{"line":6,"column":13}}},"fnMap":{"0":{"name":"(anonymous_0)","decl":{"start":{"line":16,"column":4},"end":{"line":16,"column":16}},"loc":{"start":{"line":16,"column":147},"end":{"line":24,"column":5}}},"1":{"name":"(anonymous_1)","decl":{"start":{"line":26,"column":4},"end":{"line":26,"column":13}},"loc":{"start":{"line":26,"column":13},"end":{"line":40,"column":5}}},"2":{"name":"(anonymous_2)","decl":{"start":{"line":42,"column":4},"end":{"line":42,"column":16}},"loc":{"start":{"line":42,"column":16},"end":{"line":50,"column":5}}}},"branchMap":{"0":{"loc":{"start":{"line":27,"column":8},"end":{"line":39,"column":9}},"type":"if","locations":[{"start":{"line":27,"column":8},"end":{"line":39,"column":9}},{"start":{"line":33,"column":15},"end":{"line":39,"column":9}}]},"1":{"loc":{"start":{"line":33,"column":15},"end":{"line":39,"column":9}},"type":"if","locations":[{"start":{"line":33,"column":15},"end":{"line":39,"column":9}}]},"2":{"loc":{"start":{"line":43,"column":8},"end":{"line":49,"column":9}},"type":"if","locations":[{"start":{"line":43,"column":8},"end":{"line":49,"column":9}},{"start":{"line":46,"column":15},"end":{"line":49,"column":9}}]},"3":{"loc":{"start":{"line":46,"column":15},"end":{"line":49,"column":9}},"type":"if","locations":[{"start":{"line":46,"column":15},"end":{"line":49,"column":9}}]}},"s":{"0":3,"1":3,"2":3,"3":20,"4":20,"5":20,"6":20,"7":20,"8":20,"9":20,"10":20,"11":20,"12":20,"13":20,"14":20,"15":20,"16":20,"17":20,"18":20,"19":20,"20":11,"21":9,"22":9,"23":18,"24":10,"25":8,"26":8,"27":3},"f":{"0":20,"1":20,"2":18},"b":{"0":[11,9],"1":[9],"2":[10,8],"3":[8]}}
,"/Users/Apple/Desktop/LangChain/src/prompts/index.ts": {"path":"/Users/Apple/Desktop/LangChain/src/prompts/index.ts","statementMap":{"0":{"start":{"line":1,"column":0},"end":{"line":1,"column":61}},"1":{"start":{"line":3,"column":13},"end":{"line":79,"column":3}},"2":{"start":{"line":81,"column":13},"end":{"line":157,"column":3}}},"fnMap":{},"branchMap":{},"s":{"0":2,"1":2,"2":2},"f":{},"b":{}}
,"/Users/Apple/Desktop/LangChain/src/services/service.ts": {"path":"/Users/Apple/Desktop/LangChain/src/services/service.ts","statementMap":{"0":{"start":{"line":39,"column":0},"end":{"line":39,"column":7}},"1":{"start":{"line":96,"column":0},"end":{"line":96,"column":7}},"2":{"start":{"line":1,"column":0},"end":{"line":1,"column":73}},"3":{"start":{"line":2,"column":0},"end":{"line":2,"column":47}},"4":{"start":{"line":5,"column":4},"end":{"line":36,"column":7}},"5":{"start":{"line":6,"column":26},"end":{"line":6,"column":28}},"6":{"start":{"line":8,"column":8},"end":{"line":8,"column":39}},"7":{"start":{"line":8,"column":20},"end":{"line":8,"column":39}},"8":{"start":{"line":9,"column":8},"end":{"line":9,"column":60}},"9":{"start":{"line":9,"column":27},"end":{"line":9,"column":60}},"10":{"start":{"line":10,"column":8},"end":{"line":10,"column":57}},"11":{"start":{"line":10,"column":26},"end":{"line":10,"column":57}},"12":{"start":{"line":11,"column":8},"end":{"line":11,"column":51}},"13":{"start":{"line":11,"column":24},"end":{"line":11,"column":51}},"14":{"start":{"line":14,"column":8},"end":{"line":22,"column":9}},"15":{"start":{"line":15,"column":28},"end":{"line":20,"column":14}},"16":{"start":{"line":16,"column":16},"end":{"line":18,"column":17}},"17":{"start":{"line":17,"column":20},"end":{"line":17,"column":72}},"18":{"start":{"line":17,"column":68},"end":{"line":17,"column":70}},"19":{"start":{"line":19,"column":16},"end":{"line":19,"column":25}},"20":{"start":{"line":21,"column":12},"end":{"line":21,"column":34}},"21":{"start":{"line":25,"column":8},"end":{"line":33,"column":9}},"22":{"start":{"line":26,"column":28},"end":{"line":31,"column":14}},"23":{"start":{"line":27,"column":16},"end":{"line":29,"column":17}},"24":{"start":{"line":28,"column":20},"end":{"line":28,"column":72}},"25":{"start":{"line":28,"column":68},"end":{"line":28,"column":70}},"26":{"start":{"line":30,"column":16},"end":{"line":30,"column":25}},"27":{"start":{"line":32,"column":12},"end":{"line":32,"column":34}},"28":{"start":{"line":35,"column":8},"end":{"line":35,"column":20}},"29":{"start":{"line":48,"column":4},"end":{"line":93,"column":5}},"30":{"start":{"line":49,"column":31},"end":{"line":49,"column":38}},"31":{"start":{"line":51,"column":8},"end":{"line":61,"column":9}},"32":{"start":{"line":52,"column":12},"end":{"line":58,"column":13}},"33":{"start":{"line":53,"column":35},"end":{"line":53,"column":57}},"34":{"start":{"line":54,"column":16},"end":{"line":54,"column":62}},"35":{"start":{"line":56,"column":16},"end":{"line":56,"column":60}},"36":{"start":{"line":57,"column":16},"end":{"line":57,"column":59}},"37":{"start":{"line":59,"column":15},"end":{"line":61,"column":9}},"38":{"start":{"line":60,"column":12},"end":{"line":60,"column":55}},"39":{"start":{"line":63,"column":30},"end":{"line":70,"column":null}},"40":{"start":{"line":73,"column":8},"end":{"line":73,"column":34}},"41":{"start":{"line":75,"column":26},"end":{"line":80,"column":null}},"42":{"start":{"line":83,"column":8},"end":{"line":89,"column":9}},"43":{"start":{"line":84,"column":12},"end":{"line":84,"column":56}},"44":{"start":{"line":85,"column":12},"end":{"line":85,"column":29}},"45":{"start":{"line":87,"column":12},"end":{"line":87,"column":52}},"46":{"start":{"line":88,"column":12},"end":{"line":88,"column":28}},"47":{"start":{"line":91,"column":8},"end":{"line":91,"column":52}},"48":{"start":{"line":92,"column":8},"end":{"line":92,"column":20}},"49":{"start":{"line":105,"column":4},"end":{"line":150,"column":5}},"50":{"start":{"line":106,"column":31},"end":{"line":106,"column":38}},"51":{"start":{"line":108,"column":8},"end":{"line":118,"column":9}},"52":{"start":{"line":109,"column":12},"end":{"line":115,"column":13}},"53":{"start":{"line":110,"column":35},"end":{"line":110,"column":57}},"54":{"start":{"line":111,"column":16},"end":{"line":111,"column":62}},"55":{"start":{"line":113,"column":16},"end":{"line":113,"column":60}},"56":{"start":{"line":114,"column":16},"end":{"line":114,"column":59}},"57":{"start":{"line":116,"column":15},"end":{"line":118,"column":9}},"58":{"start":{"line":117,"column":12},"end":{"line":117,"column":55}},"59":{"start":{"line":120,"column":30},"end":{"line":127,"column":null}},"60":{"start":{"line":130,"column":8},"end":{"line":130,"column":34}},"61":{"start":{"line":132,"column":26},"end":{"line":137,"column":null}},"62":{"start":{"line":140,"column":8},"end":{"line":146,"column":9}},"63":{"start":{"line":141,"column":12},"end":{"line":141,"column":56}},"64":{"start":{"line":142,"column":12},"end":{"line":142,"column":29}},"65":{"start":{"line":144,"column":12},"end":{"line":144,"column":52}},"66":{"start":{"line":145,"column":12},"end":{"line":145,"column":28}},"67":{"start":{"line":148,"column":8},"end":{"line":148,"column":52}},"68":{"start":{"line":149,"column":8},"end":{"line":149,"column":20}}},"fnMap":{"0":{"name":"sanitizeTools","decl":{"start":{"line":4,"column":9},"end":{"line":4,"column":22}},"loc":{"start":{"line":4,"column":35},"end":{"line":37,"column":1}}},"1":{"name":"(anonymous_1)","decl":{"start":{"line":5,"column":21},"end":{"line":5,"column":22}},"loc":{"start":{"line":5,"column":27},"end":{"line":36,"column":5}}},"2":{"name":"(anonymous_2)","decl":{"start":{"line":15,"column":65},"end":{"line":15,"column":66}},"loc":{"start":{"line":15,"column":74},"end":{"line":20,"column":13}}},"3":{"name":"(anonymous_3)","decl":{"start":{"line":17,"column":57},"end":{"line":17,"column":58}},"loc":{"start":{"line":17,"column":68},"end":{"line":17,"column":70}}},"4":{"name":"(anonymous_4)","decl":{"start":{"line":26,"column":65},"end":{"line":26,"column":66}},"loc":{"start":{"line":26,"column":74},"end":{"line":31,"column":13}}},"5":{"name":"(anonymous_5)","decl":{"start":{"line":28,"column":57},"end":{"line":28,"column":58}},"loc":{"start":{"line":28,"column":68},"end":{"line":28,"column":70}}},"6":{"name":"runGemini","decl":{"start":{"line":39,"column":22},"end":{"line":39,"column":31}},"loc":{"start":{"line":46,"column":28},"end":{"line":94,"column":1}}},"7":{"name":"runOpenAI","decl":{"start":{"line":96,"column":22},"end":{"line":96,"column":31}},"loc":{"start":{"line":103,"column":28},"end":{"line":151,"column":1}}}},"branchMap":{"0":{"loc":{"start":{"line":8,"column":8},"end":{"line":8,"column":39}},"type":"if","locations":[{"start":{"line":8,"column":8},"end":{"line":8,"column":39}}]},"1":{"loc":{"start":{"line":9,"column":8},"end":{"line":9,"column":60}},"type":"if","locations":[{"start":{"line":9,"column":8},"end":{"line":9,"column":60}}]},"2":{"loc":{"start":{"line":10,"column":8},"end":{"line":10,"column":57}},"type":"if","locations":[{"start":{"line":10,"column":8},"end":{"line":10,"column":57}}]},"3":{"loc":{"start":{"line":11,"column":8},"end":{"line":11,"column":51}},"type":"if","locations":[{"start":{"line":11,"column":8},"end":{"line":11,"column":51}}]},"4":{"loc":{"start":{"line":14,"column":8},"end":{"line":22,"column":9}},"type":"if","locations":[{"start":{"line":14,"column":8},"end":{"line":22,"column":9}}]},"5":{"loc":{"start":{"line":16,"column":16},"end":{"line":18,"column":17}},"type":"if","locations":[{"start":{"line":16,"column":16},"end":{"line":18,"column":17}}]},"6":{"loc":{"start":{"line":25,"column":8},"end":{"line":33,"column":9}},"type":"if","locations":[{"start":{"line":25,"column":8},"end":{"line":33,"column":9}}]},"7":{"loc":{"start":{"line":27,"column":16},"end":{"line":29,"column":17}},"type":"if","locations":[{"start":{"line":27,"column":16},"end":{"line":29,"column":17}}]},"8":{"loc":{"start":{"line":51,"column":8},"end":{"line":61,"column":9}},"type":"if","locations":[{"start":{"line":51,"column":8},"end":{"line":61,"column":9}},{"start":{"line":59,"column":15},"end":{"line":61,"column":9}}]},"9":{"loc":{"start":{"line":51,"column":12},"end":{"line":51,"column":56}},"type":"binary-expr","locations":[{"start":{"line":51,"column":12},"end":{"line":51,"column":34}},{"start":{"line":51,"column":38},"end":{"line":51,"column":56}}]},"10":{"loc":{"start":{"line":59,"column":15},"end":{"line":61,"column":9}},"type":"if","locations":[{"start":{"line":59,"column":15},"end":{"line":61,"column":9}}]},"11":{"loc":{"start":{"line":83,"column":8},"end":{"line":89,"column":9}},"type":"if","locations":[{"start":{"line":83,"column":8},"end":{"line":89,"column":9}},{"start":{"line":86,"column":15},"end":{"line":89,"column":9}}]},"12":{"loc":{"start":{"line":108,"column":8},"end":{"line":118,"column":9}},"type":"if","locations":[{"start":{"line":108,"column":8},"end":{"line":118,"column":9}},{"start":{"line":116,"column":15},"end":{"line":118,"column":9}}]},"13":{"loc":{"start":{"line":108,"column":12},"end":{"line":108,"column":56}},"type":"binary-expr","locations":[{"start":{"line":108,"column":12},"end":{"line":108,"column":34}},{"start":{"line":108,"column":38},"end":{"line":108,"column":56}}]},"14":{"loc":{"start":{"line":116,"column":15},"end":{"line":118,"column":9}},"type":"if","locations":[{"start":{"line":116,"column":15},"end":{"line":118,"column":9}}]},"15":{"loc":{"start":{"line":140,"column":8},"end":{"line":146,"column":9}},"type":"if","locations":[{"start":{"line":140,"column":8},"end":{"line":146,"column":9}},{"start":{"line":143,"column":15},"end":{"line":146,"column":9}}]}},"s":{"0":2,"1":2,"2":2,"3":2,"4":10,"5":13,"6":13,"7":0,"8":13,"9":0,"10":13,"11":13,"12":13,"13":13,"14":13,"15":0,"16":0,"17":0,"18":0,"19":0,"20":0,"21":13,"22":13,"23":141,"24":98,"25":3,"26":43,"27":13,"28":13,"29":9,"30":9,"31":9,"32":6,"33":6,"34":6,"35":0,"36":0,"37":3,"38":3,"39":9,"40":9,"41":9,"42":9,"43":4,"44":4,"45":5,"46":5,"47":0,"48":0,"49":7,"50":7,"51":7,"52":4,"53":4,"54":4,"55":0,"56":0,"57":3,"58":3,"59":7,"60":7,"61":7,"62":7,"63":5,"64":5,"65":2,"66":2,"67":0,"68":0},"f":{"0":10,"1":13,"2":0,"3":0,"4":141,"5":3,"6":9,"7":7},"b":{"0":[0],"1":[0],"2":[13],"3":[13],"4":[0],"5":[0],"6":[13],"7":[98],"8":[6,3],"9":[9,9],"10":[3],"11":[4,5],"12":[4,3],"13":[7,7],"14":[3],"15":[5,2]}}
}
