TN:
SF:src/controllers/run-inference-langchain/index.ts
FN:4,runLangChain
FNF:1
FNH:1
FNDA:20,runLangChain
DA:2,2
DA:4,2
DA:5,20
DA:8,20
DA:9,2
DA:13,2
DA:16,18
DA:19,18
DA:20,9
DA:29,9
DA:30,7
DA:31,7
DA:41,2
DA:45,2
DA:48,16
DA:54,0
DA:55,0
LF:17
LH:15
BRDA:8,0,0,2
BRDA:8,1,0,20
BRDA:8,1,1,18
BRDA:8,1,2,18
BRDA:8,1,3,18
BRDA:19,2,0,9
BRDA:19,2,1,9
BRDA:24,3,0,9
BRDA:24,3,1,0
BRDA:27,4,0,9
BRDA:27,4,1,0
BRDA:29,5,0,7
BRDA:29,5,1,2
BRDA:30,6,0,7
BRDA:30,6,1,7
BRDA:35,7,0,7
BRDA:35,7,1,0
BRDA:38,8,0,7
BRDA:38,8,1,1
BRF:19
BRH:16
end_of_record
TN:
SF:src/langchain_functions/functions.ts
FN:4,runAI
FN:21,(anonymous_1)
FN:23,(anonymous_2)
FN:51,runOpenAILogic
FN:71,(anonymous_4)
FN:73,(anonymous_5)
FNF:6
FNH:2
FNDA:1,runAI
FNDA:0,(anonymous_1)
FNDA:0,(anonymous_2)
FNDA:1,runOpenAILogic
FNDA:0,(anonymous_4)
FNDA:0,(anonymous_5)
DA:1,1
DA:2,1
DA:4,1
DA:5,1
DA:6,1
DA:15,0
DA:16,0
DA:18,0
DA:20,0
DA:21,0
DA:23,0
DA:24,0
DA:25,0
DA:26,0
DA:27,0
DA:28,0
DA:29,0
DA:30,0
DA:32,0
DA:33,0
DA:36,0
DA:37,0
DA:41,0
DA:42,0
DA:44,0
DA:46,1
DA:47,1
DA:51,1
DA:52,1
DA:54,1
DA:56,1
DA:63,1
DA:65,1
DA:66,1
DA:68,1
DA:70,1
DA:71,0
DA:73,0
DA:74,0
DA:75,0
DA:76,0
DA:77,0
DA:78,0
DA:79,0
DA:80,0
DA:82,0
DA:83,0
DA:86,0
DA:87,0
DA:91,0
DA:92,0
DA:94,1
DA:96,0
DA:97,0
DA:98,0
LF:55
LH:17
BRDA:12,0,0,1
BRDA:12,0,1,0
BRDA:20,1,0,0
BRDA:20,2,0,0
BRDA:20,2,1,0
BRDA:25,3,0,0
BRDA:25,3,1,0
BRDA:54,4,0,1
BRDA:54,4,1,0
BRDA:70,5,0,0
BRDA:70,6,0,1
BRDA:70,6,1,1
BRDA:75,7,0,0
BRDA:75,7,1,0
BRF:14
BRH:4
end_of_record
TN:
SF:src/langchain_tools/tools.ts
FN:7,(anonymous_1)
FN:62,(anonymous_2)
FN:119,(anonymous_3)
FN:137,(anonymous_4)
FN:144,(anonymous_5)
FNF:5
FNH:4
FNDA:3,(anonymous_1)
FNDA:1,(anonymous_2)
FNDA:3,(anonymous_3)
FNDA:0,(anonymous_4)
FNDA:2,(anonymous_5)
DA:1,4
DA:2,4
DA:3,4
DA:4,4
DA:6,4
DA:8,3
DA:18,3
DA:20,3
DA:21,3
DA:23,2
DA:30,2
DA:32,2
DA:33,1
DA:36,1
DA:43,1
DA:61,4
DA:63,1
DA:71,1
DA:72,1
DA:74,1
DA:75,1
DA:77,1
DA:91,1
DA:94,1
DA:101,0
DA:102,0
DA:118,4
DA:120,3
DA:129,3
DA:130,3
DA:132,3
DA:133,3
DA:135,3
DA:136,3
DA:137,0
DA:138,0
DA:142,3
DA:143,3
DA:144,1
DA:145,2
DA:146,2
DA:148,1
DA:151,3
DA:157,2
DA:158,1
DA:161,1
DA:162,1
DA:164,0
DA:167,1
DA:173,1
DA:174,1
DA:181,1
DA:198,4
LF:53
LH:48
BRDA:21,0,0,3
BRDA:21,0,1,3
BRDA:32,1,0,1
BRDA:133,2,0,3
BRDA:133,2,1,2
BRDA:133,3,0,0
BRDA:133,3,1,2
BRDA:133,4,0,2
BRDA:133,4,1,0
BRDA:136,5,0,0
BRDA:138,6,0,0
BRDA:143,7,0,1
BRDA:143,8,0,3
BRDA:143,8,1,1
BRDA:145,9,0,2
BRDA:154,10,0,1
BRDA:154,10,1,2
BRDA:157,11,0,1
BRDA:157,11,1,1
BRDA:161,12,0,1
BRDA:161,12,1,0
BRDA:161,13,0,1
BRDA:161,13,1,1
BRF:23
BRH:18
end_of_record
TN:
SF:src/libs/supabase.ts
FNF:0
FNH:0
DA:1,0
DA:3,0
DA:4,0
DA:6,0
DA:7,0
DA:8,0
DA:11,0
LF:7
LH:0
BRDA:6,0,0,0
BRDA:6,1,0,0
BRDA:6,1,1,0
BRF:3
BRH:0
end_of_record
TN:
SF:src/model/model.ts
FN:16,(anonymous_0)
FN:26,(anonymous_1)
FN:42,(anonymous_2)
FNF:3
FNH:3
FNDA:20,(anonymous_0)
FNDA:20,(anonymous_1)
FNDA:18,(anonymous_2)
DA:1,3
DA:2,3
DA:3,3
DA:6,3
DA:7,20
DA:8,20
DA:9,20
DA:10,20
DA:11,20
DA:12,20
DA:13,20
DA:14,20
DA:15,20
DA:17,20
DA:18,20
DA:19,20
DA:20,20
DA:21,20
DA:22,20
DA:23,20
DA:27,20
DA:28,11
DA:33,9
DA:34,9
DA:43,18
DA:45,10
DA:46,8
DA:48,8
LF:28
LH:28
BRDA:27,0,0,11
BRDA:27,0,1,9
BRDA:33,1,0,9
BRDA:43,2,0,10
BRDA:43,2,1,8
BRDA:46,3,0,8
BRF:6
BRH:6
end_of_record
TN:
SF:src/prompts/index.ts
FNF:0
FNH:0
DA:1,2
DA:3,2
DA:81,2
LF:3
LH:3
BRF:0
BRH:0
end_of_record
TN:
SF:src/services/service.ts
FN:4,sanitizeTools
FN:5,(anonymous_1)
FN:15,(anonymous_2)
FN:17,(anonymous_3)
FN:26,(anonymous_4)
FN:28,(anonymous_5)
FN:39,runGemini
FN:96,runOpenAI
FNF:8
FNH:6
FNDA:10,sanitizeTools
FNDA:13,(anonymous_1)
FNDA:0,(anonymous_2)
FNDA:0,(anonymous_3)
FNDA:141,(anonymous_4)
FNDA:3,(anonymous_5)
FNDA:9,runGemini
FNDA:7,runOpenAI
DA:1,2
DA:2,2
DA:5,10
DA:6,13
DA:8,13
DA:9,13
DA:10,13
DA:11,13
DA:14,13
DA:15,0
DA:16,0
DA:17,0
DA:19,0
DA:21,0
DA:25,13
DA:26,13
DA:27,141
DA:28,98
DA:30,43
DA:32,13
DA:35,13
DA:39,2
DA:48,9
DA:49,9
DA:51,9
DA:52,6
DA:53,6
DA:54,6
DA:56,0
DA:57,0
DA:59,3
DA:60,3
DA:63,9
DA:73,9
DA:75,9
DA:83,9
DA:84,4
DA:85,4
DA:87,5
DA:88,5
DA:91,0
DA:92,0
DA:96,2
DA:105,7
DA:106,7
DA:108,7
DA:109,4
DA:110,4
DA:111,4
DA:113,0
DA:114,0
DA:116,3
DA:117,3
DA:120,7
DA:130,7
DA:132,7
DA:140,7
DA:141,5
DA:142,5
DA:144,2
DA:145,2
DA:148,0
DA:149,0
LF:63
LH:50
BRDA:8,0,0,0
BRDA:9,1,0,0
BRDA:10,2,0,13
BRDA:11,3,0,13
BRDA:14,4,0,0
BRDA:16,5,0,0
BRDA:25,6,0,13
BRDA:27,7,0,98
BRDA:51,8,0,6
BRDA:51,8,1,3
BRDA:51,9,0,9
BRDA:51,9,1,9
BRDA:59,10,0,3
BRDA:83,11,0,4
BRDA:83,11,1,5
BRDA:108,12,0,4
BRDA:108,12,1,3
BRDA:108,13,0,7
BRDA:108,13,1,7
BRDA:116,14,0,3
BRDA:140,15,0,5
BRDA:140,15,1,2
BRF:22
BRH:18
end_of_record
